<?xml version="1.0" encoding="UTF-8"?>
<testng-results ignored="0" total="1" passed="1" failed="0" skipped="0">
  <reporter-output>
  </reporter-output>
  <suite started-at="2021-10-30T23:44:38 IST" name="Default suite" finished-at="2021-10-30T23:44:41 IST" duration-ms="2556">
    <groups>
    </groups>
    <test started-at="2021-10-30T23:44:38 IST" name="Default test" finished-at="2021-10-30T23:44:41 IST" duration-ms="2556">
      <class name="sdet21.ComplexResponseValidation.DynamicResponse">
        <test-method signature="dynamicResponse()[pri:0, instance:sdet21.ComplexResponseValidation.DynamicResponse@550ee7e5]" started-at="2021-10-30T23:44:38 IST" name="dynamicResponse" finished-at="2021-10-30T23:44:41 IST" duration-ms="2514" status="PASS">
          <reporter-output>
          </reporter-output>
        </test-method> <!-- dynamicResponse -->
      </class> <!-- sdet21.ComplexResponseValidation.DynamicResponse -->
    </test> <!-- Default test -->
  </suite> <!-- Default suite -->
</testng-results>
